<?xml version="1.0" encoding="UTF-8"?>
<testng-results ignored="0" total="1" passed="1" failed="0" skipped="0">
  <reporter-output>
  </reporter-output>
  <suite started-at="2024-11-05T16:44:06 IST" name="Default suite" finished-at="2024-11-05T16:44:16 IST" duration-ms="10604">
    <groups>
    </groups>
    <test started-at="2024-11-05T16:44:06 IST" name="Default test" finished-at="2024-11-05T16:44:16 IST" duration-ms="10604">
      <class name="Jenkin.TestngJenkienExample.TestGoogle">
        <test-method signature="googleSearch()[pri:0, instance:Jenkin.TestngJenkienExample.TestGoogle@2cb4893b]" started-at="2024-11-05T16:44:06 IST" name="googleSearch" finished-at="2024-11-05T16:44:16 IST" duration-ms="10518" status="PASS">
          <reporter-output>
          </reporter-output>
        </test-method> <!-- googleSearch -->
      </class> <!-- Jenkin.TestngJenkienExample.TestGoogle -->
    </test> <!-- Default test -->
  </suite> <!-- Default suite -->
</testng-results>
